Build started 03/06/2015 16:55:54.
     1>Project "C:\Users\JM246044\Dev\planning-rob\src\C++\polymorphism_test\polymorphism_test.vcxproj" on node 2 (build target(s)).
     1>InitializeBuildStatus:
         Touching "Debug\polymorphism_test.unsuccessfulbuild".
       ClCompile:
         All outputs are up-to-date.
       Link:
         c:\Program Files (x86)\Microsoft Visual Studio 10.0\VC\bin\link.exe /ERRORREPORT:PROMPT /OUT:"C:\Users\JM246044\Dev\planning-rob\src\C++\path_planner\Debug\polymorphism_test.exe" /NOLOGO kernel32.lib user32.lib gdi32.lib winspool.lib comdlg32.lib advapi32.lib shell32.lib ole32.lib oleaut32.lib uuid.lib odbc32.lib odbccp32.lib /MANIFEST /ManifestFile:"Debug\polymorphism_test.exe.intermediate.manifest" /MANIFESTUAC:"level='asInvoker' uiAccess='false'" /DEBUG /PDB:"C:\Users\JM246044\Dev\planning-rob\src\C++\path_planner\Debug\polymorphism_test.pdb" /TLBID:1 /DYNAMICBASE /NXCOMPAT /IMPLIB:"C:\Users\JM246044\Dev\planning-rob\src\C++\path_planner\Debug\polymorphism_test.lib" /MACHINE:X86 Debug\main.obj
         Debug\nobst.obj
         Debug\obst.obj
     1>main.obj : error LNK2019: unresolved external symbol "public: virtual __thiscall Polygon::~Polygon(void)" (??1Polygon@@UAE@XZ) referenced in function "public: virtual __thiscall Rectangle::~Rectangle(void)" (??1Rectangle@@UAE@XZ)
     1>C:\Users\JM246044\Dev\planning-rob\src\C++\path_planner\Debug\polymorphism_test.exe : fatal error LNK1120: 1 unresolved externals
     1>Done Building Project "C:\Users\JM246044\Dev\planning-rob\src\C++\polymorphism_test\polymorphism_test.vcxproj" (build target(s)) -- FAILED.

Build FAILED.

Time Elapsed 00:00:00.14
